2024-10-06 16:53:34:5334 [32minfo[39m: [32mConnected to MongoDB[39m
2024-10-06 16:53:34:5334 [32minfo[39m: [32mServer is running on port 3000[39m
2024-10-06 17:06:40:640 [32minfo[39m: [32mConnected to MongoDB[39m
2024-10-06 17:06:40:640 [32minfo[39m: [32mServer is running on port 3000[39m
2024-10-06 17:24:44:2444 [32minfo[39m: [32mConnected to MongoDB[39m
2024-10-06 17:24:44:2444 [32minfo[39m: [32mServer is running on port 3000[39m
2024-10-06 17:25:26:2526 [32minfo[39m: [32mConnected to MongoDB[39m
2024-10-06 17:25:26:2526 [32minfo[39m: [32mServer is running on port 3000[39m
2024-10-06 17:26:01:261 [32minfo[39m: [32mConnected to MongoDB[39m
2024-10-06 17:26:01:261 [32minfo[39m: [32mServer is running on port 3000[39m
2024-10-06 17:32:02:322 [32minfo[39m: [32mConnected to MongoDB[39m
2024-10-06 17:32:03:323 [32minfo[39m: [32mServer is running on port 3000[39m
2024-10-06 17:32:43:3243 [32minfo[39m: [32mConnected to MongoDB[39m
2024-10-06 17:32:43:3243 [32minfo[39m: [32mServer is running on port 3000[39m
2024-10-06 17:36:26:3626 [32minfo[39m: [32mConnected to MongoDB[39m
2024-10-06 17:36:26:3626 [32minfo[39m: [32mServer is running on port 3000[39m
2024-10-06 17:36:35:3635 [32minfo[39m: [32mConnected to MongoDB[39m
2024-10-06 17:36:35:3635 [32minfo[39m: [32mServer is running on port 3000[39m
2024-10-06 17:37:18:3718 [32minfo[39m: [32mConnected to MongoDB[39m
2024-10-06 17:37:18:3718 [32minfo[39m: [32mServer is running on port 3000[39m
2024-10-06 17:38:03:383 [32minfo[39m: [32mConnected to MongoDB[39m
2024-10-06 17:38:03:383 [32minfo[39m: [32mServer is running on port 3000[39m
2024-10-06 17:38:31:3831 [32minfo[39m: [32mConnected to MongoDB[39m
2024-10-06 17:38:31:3831 [32minfo[39m: [32mServer is running on port 3000[39m
2024-10-06 17:39:00:390 [32minfo[39m: [32mConnected to MongoDB[39m
2024-10-06 17:39:00:390 [32minfo[39m: [32mServer is running on port 3000[39m
2024-10-06 17:39:49:3949 [32minfo[39m: [32mConnected to MongoDB[39m
2024-10-06 17:39:49:3949 [32minfo[39m: [32mServer is running on port 3000[39m
2024-10-06 17:40:25:4025 [32minfo[39m: [32mConnected to MongoDB[39m
2024-10-06 17:40:25:4025 [32minfo[39m: [32mServer is running on port 3000[39m
2024-10-06 17:41:09:419 [32minfo[39m: [32mConnected to MongoDB[39m
2024-10-06 17:41:09:419 [32minfo[39m: [32mServer is running on port 3000[39m
2024-10-06 17:41:15:4115 [32minfo[39m: [32mConnected to MongoDB[39m
2024-10-06 17:41:15:4115 [32minfo[39m: [32mServer is running on port 3000[39m
2024-10-06 17:43:01:431 [32minfo[39m: [32mConnected to MongoDB[39m
2024-10-06 17:43:02:432 [32minfo[39m: [32mServer is running on port 3000[39m
2024-10-06 17:47:05:475 [32minfo[39m: [32mConnected to MongoDB[39m
2024-10-06 17:47:05:475 [32minfo[39m: [32mServer is running on port 3000[39m
2024-10-07 09:29:30:2930 [32minfo[39m: [32mConnected to MongoDB[39m
2024-10-07 09:29:30:2930 [32minfo[39m: [32mServer is running on port 3000[39m
2024-10-07 09:29:39:2939 [32minfo[39m: [32mConnected to MongoDB[39m
2024-10-07 09:29:39:2939 [32minfo[39m: [32mServer is running on port 3000[39m
2024-10-07 09:35:05:355 [32minfo[39m: [32mConnected to MongoDB[39m
2024-10-07 09:35:05:355 [32minfo[39m: [32mServer is running on port 3000[39m
2024-10-07 09:35:25:3525 [32minfo[39m: [32mConnected to MongoDB[39m
2024-10-07 09:35:25:3525 [32minfo[39m: [32mServer is running on port 3000[39m
2024-10-07 09:38:56:3856 [32minfo[39m: [32mConnected to MongoDB[39m
2024-10-07 09:38:56:3856 [32minfo[39m: [32mServer is running on port 3000[39m
2024-10-08 18:49:18:4918 [32minfo[39m: [32mConnected to MongoDB[39m
2024-10-08 18:49:18:4918 [32minfo[39m: [32mServer is running on port 3000[39m
2024-10-08 18:52:39:5239 [31merror[39m: [31mNot authorized to create superuser[39m
2024-10-08 18:54:52:5452 [31merror[39m: [31mNot authorized to create superuser[39m
2024-10-08 18:55:39:5539 [32minfo[39m: [32mConnected to MongoDB[39m
2024-10-08 18:55:39:5539 [32minfo[39m: [32mServer is running on port 3000[39m
2024-10-08 18:56:08:568 [31merror[39m: [31mNot authorized to create superuser[39m
2024-10-08 18:57:28:5728 [31merror[39m: [31mNot authorized to create superuser[39m
2024-10-08 19:02:48:248 [32minfo[39m: [32mConnected to MongoDB[39m
2024-10-08 19:02:48:248 [32minfo[39m: [32mServer is running on port 3000[39m
2024-10-08 19:02:56:256 [31merror[39m: [31msecretOrPrivateKey must have a value[39m
2024-10-08 19:03:33:333 [32minfo[39m: [32mConnected to MongoDB[39m
2024-10-08 19:03:33:333 [32minfo[39m: [32mServer is running on port 3000[39m
2024-10-08 19:04:08:48 [31merror[39m: [31mSuperuser already exists[39m
2024-10-08 19:04:32:432 [31merror[39m: [31mExpected double-quoted property name in JSON at position 67[39m
2024-10-08 19:05:06:56 [32minfo[39m: [32mConnected to MongoDB[39m
2024-10-08 19:05:06:56 [32minfo[39m: [32mServer is running on port 3000[39m
2024-10-08 19:05:33:533 [31merror[39m: [31msecretOrPrivateKey must have a value[39m
2024-10-08 19:05:52:552 [31merror[39m: [31msecretOrPrivateKey must have a value[39m
2024-10-08 19:06:21:621 [32minfo[39m: [32mConnected to MongoDB[39m
2024-10-08 19:06:21:621 [32minfo[39m: [32mServer is running on port 3000[39m
2024-10-08 19:06:37:637 [31merror[39m: [31msecretOrPrivateKey must have a value[39m
2024-10-08 19:07:30:730 [32minfo[39m: [32mConnected to MongoDB[39m
2024-10-08 19:07:30:730 [32minfo[39m: [32mServer is running on port 3000[39m
2024-10-08 19:08:12:812 [31merror[39m: [31msecretOrPrivateKey must have a value[39m
2024-10-08 19:09:45:945 [32minfo[39m: [32mConnected to MongoDB[39m
2024-10-08 19:09:45:945 [32minfo[39m: [32mServer is running on port 3000[39m
2024-10-08 19:28:27:2827 [31merror[39m: [31mNo token provided[39m
2024-10-08 19:29:02:292 [31merror[39m: [31mSuperuser already exists[39m
2024-10-08 19:29:14:2914 [31merror[39m: [31msecretOrPrivateKey must have a value[39m
2024-10-08 19:55:03:553 [32minfo[39m: [32mConnected to MongoDB[39m
2024-10-08 19:55:03:553 [32minfo[39m: [32mServer is running on port 3000[39m
2024-10-08 19:56:03:563 [31merror[39m: [31mNo token provided[39m
2024-10-08 19:56:53:5653 [31merror[39m: [31mNo token provided[39m
2024-10-08 19:57:41:5741 [31merror[39m: [31mNo token provided[39m
