2024-10-08 18:52:39:5239 [31merror[39m: [31mNot authorized to create superuser[39m
2024-10-08 18:54:52:5452 [31merror[39m: [31mNot authorized to create superuser[39m
2024-10-08 18:56:08:568 [31merror[39m: [31mNot authorized to create superuser[39m
2024-10-08 18:57:28:5728 [31merror[39m: [31mNot authorized to create superuser[39m
2024-10-08 19:02:56:256 [31merror[39m: [31msecretOrPrivateKey must have a value[39m
2024-10-08 19:04:08:48 [31merror[39m: [31mSuperuser already exists[39m
2024-10-08 19:04:32:432 [31merror[39m: [31mExpected double-quoted property name in JSON at position 67[39m
2024-10-08 19:05:33:533 [31merror[39m: [31msecretOrPrivateKey must have a value[39m
2024-10-08 19:05:52:552 [31merror[39m: [31msecretOrPrivateKey must have a value[39m
2024-10-08 19:06:37:637 [31merror[39m: [31msecretOrPrivateKey must have a value[39m
2024-10-08 19:08:12:812 [31merror[39m: [31msecretOrPrivateKey must have a value[39m
2024-10-08 19:28:27:2827 [31merror[39m: [31mNo token provided[39m
2024-10-08 19:29:02:292 [31merror[39m: [31mSuperuser already exists[39m
2024-10-08 19:29:14:2914 [31merror[39m: [31msecretOrPrivateKey must have a value[39m
2024-10-08 19:56:03:563 [31merror[39m: [31mNo token provided[39m
2024-10-08 19:56:53:5653 [31merror[39m: [31mNo token provided[39m
2024-10-08 19:57:41:5741 [31merror[39m: [31mNo token provided[39m
2024-10-12 13:41:05:415 [31merror[39m: [31mNot authorized[39m
2024-10-12 13:41:30:4130 [31merror[39m: [31mNot authorized[39m
2024-10-12 13:41:45:4145 [31merror[39m: [31mNot authorized[39m
2024-10-12 13:41:48:4148 [31merror[39m: [31mNot authorized[39m
2024-10-12 19:02:24:224 [31merror[39m: [31mMongoDB connection error: querySrv ECONNREFUSED _mongodb._tcp.cluster0.wikmj6k.mongodb.net[39m
2024-10-12 22:16:05:165 [31merror[39m: [31mread ECONNRESET[39m
2024-10-12 22:36:49:3649 [31merror[39m: [31mNo token provided[39m
2024-10-12 22:36:49:3649 [31merror[39m: [31mNo token provided[39m
2024-10-12 22:37:07:377 [31merror[39m: [31mNo token provided[39m
2024-10-12 22:37:07:377 [31merror[39m: [31mNo token provided[39m
2024-10-13 00:09:52:952 [31merror[39m: [31mError Creating Product[39m
2024-10-13 01:05:21:521 [31merror[39m: [31mread ECONNRESET[39m
2024-10-13 01:05:22:522 [31merror[39m: [31mread ECONNRESET[39m
